<?xml version="1.0" encoding="UTF-8"?>
<!-- Generated by org.testng.reporters.JUnitXMLReporter -->
<testsuite ignored="0" hostname="DESKTOP-LLRELV1" failures="0" tests="4" name="PetTests" time="3.598" errors="0" timestamp="2025-05-23T19:05:52 IST">
  <testcase classname="api.test.ProductTests" name="testPostProduct" time="2.225"/>
  <testcase classname="api.test.ProductTests" name="testGetProductByid" time="0.063"/>
  <testcase classname="api.test.ProductTests" name="testUpdateProductById" time="0.07"/>
  <testcase classname="api.test.ProductTests" name="testDeleteProductByName" time="0.035"/>
</testsuite> <!-- PetTests -->
