<?xml version="1.0" encoding="UTF-8"?>
<testng-results ignored="0" total="4" passed="4" failed="0" skipped="0">
  <reporter-output>
  </reporter-output>
  <suite started-at="2025-05-23T19:05:48 IST" name="PetSuite" finished-at="2025-05-23T19:05:51 IST" duration-ms="3598">
    <groups>
    </groups>
    <test started-at="2025-05-23T19:05:48 IST" name="PetTests" finished-at="2025-05-23T19:05:51 IST" duration-ms="3598">
      <class name="api.test.ProductTests">
        <test-method is-config="true" signature="setup()[pri:0, instance:api.test.ProductTests@5b7a5baa]" started-at="2025-05-23T19:05:48 IST" name="setup" finished-at="2025-05-23T19:05:49 IST" duration-ms="805" status="PASS">
          <reporter-output>
          </reporter-output>
        </test-method> <!-- setup -->
        <test-method signature="testPostProduct()[pri:1, instance:api.test.ProductTests@5b7a5baa]" started-at="2025-05-23T19:05:49 IST" name="testPostProduct" finished-at="2025-05-23T19:05:51 IST" duration-ms="2225" status="PASS">
          <reporter-output>
          </reporter-output>
        </test-method> <!-- testPostProduct -->
        <test-method signature="testGetProductByid()[pri:2, instance:api.test.ProductTests@5b7a5baa]" started-at="2025-05-23T19:05:51 IST" name="testGetProductByid" finished-at="2025-05-23T19:05:51 IST" duration-ms="63" status="PASS">
          <reporter-output>
          </reporter-output>
        </test-method> <!-- testGetProductByid -->
        <test-method signature="testUpdateProductById()[pri:3, instance:api.test.ProductTests@5b7a5baa]" started-at="2025-05-23T19:05:51 IST" name="testUpdateProductById" finished-at="2025-05-23T19:05:51 IST" duration-ms="70" status="PASS">
          <reporter-output>
          </reporter-output>
        </test-method> <!-- testUpdateProductById -->
        <test-method signature="testDeleteProductByName()[pri:4, instance:api.test.ProductTests@5b7a5baa]" started-at="2025-05-23T19:05:51 IST" name="testDeleteProductByName" finished-at="2025-05-23T19:05:51 IST" duration-ms="35" status="PASS">
          <reporter-output>
          </reporter-output>
        </test-method> <!-- testDeleteProductByName -->
      </class> <!-- api.test.ProductTests -->
    </test> <!-- PetTests -->
  </suite> <!-- PetSuite -->
</testng-results>
