<?xml version="1.0" encoding="UTF-8"?>
<!-- Generated by org.testng.reporters.JUnitXMLReporter -->
<testsuite ignored="0" hostname="DESKTOP-LLRELV1" failures="0" tests="8" name="Default test" time="4.849" errors="0" timestamp="2025-05-23T19:00:37 IST">
  <testcase classname="api.test.DDTests" name="testPostuser" time="2.254"/>
  <testcase classname="api.test.DDTests" name="testPostuser" time="0.028"/>
  <testcase classname="api.test.DDTests" name="testPostuser" time="0.022"/>
  <testcase classname="api.test.DDTests" name="testPostuser" time="0.021"/>
  <testcase classname="api.test.DDTests" name="testDeleteProductById" time="0.062"/>
  <testcase classname="api.test.DDTests" name="testDeleteProductById" time="0.023"/>
  <testcase classname="api.test.DDTests" name="testDeleteProductById" time="0.029"/>
  <testcase classname="api.test.DDTests" name="testDeleteProductById" time="0.03"/>
</testsuite> <!-- Default test -->
